   PID TTY          TIME CMD
     1 ?        00:00:01 systemd
     2 ?        00:00:00 kthreadd
     3 ?        00:00:00 ksoftirqd/0
     5 ?        00:00:00 kworker/0:0H
     7 ?        00:00:00 rcu_sched
     8 ?        00:00:00 rcu_bh
     9 ?        00:00:00 migration/0
    10 ?        00:00:00 watchdog/0
    11 ?        00:00:00 watchdog/1
    12 ?        00:00:00 migration/1
    13 ?        00:00:00 ksoftirqd/1
    15 ?        00:00:00 kworker/1:0H
    16 ?        00:00:00 khelper
    17 ?        00:00:00 kdevtmpfs
    18 ?        00:00:00 netns
    19 ?        00:00:00 khungtaskd
    20 ?        00:00:00 writeback
    21 ?        00:00:00 ksmd
    22 ?        00:00:00 khugepaged
    23 ?        00:00:00 crypto
    24 ?        00:00:00 kintegrityd
    25 ?        00:00:00 bioset
    26 ?        00:00:00 kblockd
    28 ?        00:00:00 kswapd0
    29 ?        00:00:00 vmstat
    30 ?        00:00:00 fsnotify_mark
    36 ?        00:00:00 kthrotld
    38 ?        00:00:00 ipv6_addrconf
    39 ?        00:00:00 deferwq
    75 ?        00:00:00 ata_sff
    76 ?        00:00:00 scsi_eh_0
    77 ?        00:00:00 scsi_tmf_0
    78 ?        00:00:00 scsi_eh_1
    79 ?        00:00:00 scsi_tmf_1
    81 ?        00:00:00 mpt_poll_0
    82 ?        00:00:00 mpt/0
    84 ?        00:00:00 khubd
    85 ?        00:00:00 kpsmoused
    89 ?        00:00:00 scsi_eh_2
    90 ?        00:00:00 scsi_tmf_2
    96 ?        00:00:00 kworker/1:1H
    97 ?        00:00:00 kworker/0:1H
   117 ?        00:00:00 jbd2/sda1-8
   118 ?        00:00:00 ext4-rsv-conver
   149 ?        00:00:00 kauditd
   157 ?        00:00:00 systemd-journal
   162 ?        00:00:00 systemd-udevd
   223 ?        00:00:00 ttm_swap
   392 ?        00:00:00 rpcbind
   401 ?        00:00:00 rpc.statd
   406 ?        00:00:00 rpciod
   408 ?        00:00:00 nfsiod
   415 ?        00:00:00 rpc.idmapd
   417 ?        00:00:00 accounts-daemon
   419 ?        00:00:00 NetworkManager
   421 ?        00:00:00 atd
   423 ?        00:00:00 cron
   425 ?        00:00:00 ModemManager
   427 ?        00:00:00 systemd-logind
   432 ?        00:00:00 avahi-daemon
   433 ?        00:00:00 dbus-daemon
   486 ?        00:00:00 minissdpd
   688 ?        00:00:00 avahi-daemon
   698 ?        00:00:00 rsyslogd
   701 ?        00:00:00 acpid
   704 ?        00:00:00 polkitd
   707 tty1     00:00:00 agetty
   726 ?        00:00:00 gdm3
   730 ?        00:00:00 exim4
   735 ?        00:00:00 cfg80211
   745 tty7     00:03:10 Xorg
   755 ?        00:00:00 dhclient
   800 ?        00:00:00 systemd
   801 ?        00:00:00 (sd-pam)
   849 ?        00:00:00 upowerd
   867 ?        00:00:00 colord
   874 ?        00:00:00 pulseaudio
   875 ?        00:00:00 rtkit-daemon
   909 ?        00:00:00 wpa_supplicant
   910 ?        00:00:00 packagekitd
   924 ?        00:00:00 gdm-session-wor
   927 ?        00:00:00 systemd
   928 ?        00:00:00 (sd-pam)
   932 ?        00:00:00 gnome-keyring-d
   935 ?        00:00:00 x-session-manag
   972 ?        00:00:00 ssh-agent
   975 ?        00:00:00 dbus-launch
   976 ?        00:00:00 dbus-daemon
   979 ?        00:00:00 at-spi-bus-laun
   983 ?        00:00:00 dbus-daemon
   986 ?        00:00:00 at-spi2-registr
   993 ?        00:00:00 gnome-settings-
  1011 ?        00:00:00 gvfsd
  1017 ?        00:00:06 pulseaudio
  1022 ?        00:00:00 gvfsd-fuse
  1027 ?        00:00:00 start-pulseaudi
  1028 ?        00:00:00 xprop
  1035 ?        00:00:00 gvfs-udisks2-vo
  1037 ?        00:00:00 udisksd
  1046 ?        00:00:00 gvfs-mtp-volume
  1050 ?        00:00:00 gvfs-afc-volume
  1055 ?        00:00:00 gvfs-goa-volume
  1058 ?        00:00:00 goa-daemon
  1065 ?        00:00:00 mission-control
  1067 ?        00:00:00 gvfs-gphoto2-vo
  1072 ?        00:12:52 gnome-shell
  1081 ?        00:00:00 gsd-printer
  1093 ?        00:00:00 gnome-shell-cal
  1100 ?        00:00:00 evolution-sourc
  1109 ?        00:00:00 tracker-miner-a
  1110 ?        00:00:00 applet.py
  1112 ?        00:00:00 evolution-alarm
  1114 ?        00:00:00 tracker-extract
  1124 ?        00:00:00 evolution-calen
  1127 ?        00:00:00 tracker-miner-f
  1130 ?        00:00:00 tracker-store
  1135 ?        00:00:00 nm-applet
  1142 ?        00:00:00 tracker-miner-u
  1155 ?        00:00:00 zeitgeist-datah
  1167 ?        00:00:00 gconfd-2
  1174 ?        00:00:00 zeitgeist-daemo
  1185 ?        00:00:00 gvfsd-metadata
  1189 ?        00:00:00 zeitgeist-fts
  1209 ?        00:00:00 cat
  1479 ?        00:00:00 dbus-launch
  1480 ?        00:00:00 dbus-daemon
  1484 ?        00:00:00 dconf-service
  1532 ?        00:00:00 gvfsd-trash
  1542 ?        00:00:00 gvfsd-burn
  1581 ?        00:00:00 dconf-service
  2166 ?        00:00:00 gdm-session-wor
  2277 ?        00:00:06 kworker/0:2
  2644 ?        00:00:15 gnome-terminal-
  2647 ?        00:00:00 gnome-pty-helpe
  3299 ?        00:00:00 kworker/u256:1
  3362 pts/1    00:00:00 bash
  3522 pts/1    00:00:00 script
  3523 pts/1    00:00:00 script
  3524 pts/0    00:00:00 bash
  3695 ?        00:00:00 gdm-session-wor
  4248 ?        00:00:00 gdm-session-wor
  4708 ?        00:00:00 kworker/1:2
  4927 ?        00:00:00 kworker/1:1
  5271 ?        00:00:00 kworker/u256:2
  5422 ?        00:00:00 kworker/0:1
  5431 ?        00:00:00 kworker/1:0
  5459 ?        00:00:00 kworker/0:0
  5461 pts/0    00:00:00 ps
